# JRE version: OpenJDK Runtime Environment Corretto-21.0.5.11.1 (21.0.5+11) (build 21.0.5+11-LTS)
# Java VM: OpenJDK 64-Bit Server VM Corretto-21.0.5.11.1 (21.0.5+11-LTS, mixed mode, emulated-client, sharing, tiered, compressed oops, compressed class ptrs, g1 gc, windows-amd64)
GC Precious Log:
 CardTable entry size: 512
 Card Set container configuration: InlinePtr #cards 5 size 8 Array Of Cards #cards 12 size 40 Howl #buckets 4 coarsen threshold 1843 Howl Bitmap #cards 512 size 80 coarsen threshold 460 Card regions per heap region 1 cards per card region 2048
 CPUs: 8 total, 8 available
 Memory: 7957M
 Large Page Support: Disabled
 NUMA Support: Disabled
 Compressed Oops: Enabled (32-bit)
 Heap Region Size: 1M
 Heap Min Capacity: 8M
 Heap Initial Capacity: 126M
 Heap Max Capacity: 1990M
 Pre-touch: Disabled
 Parallel Workers: 8
 Concurrent Workers: 2
 Concurrent Refinement Workers: 8
 Periodic GC: Disabled
Heap:
 garbage-first heap   total 61440K, used 58242K [0x0000000083a00000, 0x0000000100000000)
  region size 1024K, 23 young (23552K), 1 survivors (1024K)
 Metaspace       used 34057K, committed 34624K, reserved 1114112K
  class space    used 4624K, committed 4864K, reserved 1048576K
GC Heap History (20 events):
Event: 2.123 GC heap after
{Heap after GC invocations=1 (full 0):
 garbage-first heap   total 129024K, used 13019K [0x0000000083a00000, 0x0000000100000000)
  region size 1024K, 3 young (3072K), 3 survivors (3072K)
 Metaspace       used 4188K, committed 4288K, reserved 1114112K
  class space    used 478K, committed 512K, reserved 1048576K
}
Event: 2.656 GC heap before
{Heap before GC invocations=1 (full 0):
 garbage-first heap   total 129024K, used 35547K [0x0000000083a00000, 0x0000000100000000)
  region size 1024K, 24 young (24576K), 3 survivors (3072K)
 Metaspace       used 7876K, committed 8128K, reserved 1114112K
  class space    used 948K, committed 1024K, reserved 1048576K
}
Event: 2.661 GC heap after
{Heap after GC invocations=2 (full 0):
 garbage-first heap   total 129024K, used 14193K [0x0000000083a00000, 0x0000000100000000)
  region size 1024K, 2 young (2048K), 2 survivors (2048K)
 Metaspace       used 7876K, committed 8128K, reserved 1114112K
  class space    used 948K, committed 1024K, reserved 1048576K
}
Event: 5.133 GC heap before
{Heap before GC invocations=2 (full 0):
 garbage-first heap   total 129024K, used 57201K [0x0000000083a00000, 0x0000000100000000)
  region size 1024K, 45 young (46080K), 2 survivors (2048K)
 Metaspace       used 16503K, committed 16832K, reserved 1114112K
  class space    used 2272K, committed 2432K, reserved 1048576K
}
Event: 5.137 GC heap after
{Heap after GC invocations=3 (full 0):
 garbage-first heap   total 129024K, used 17165K [0x0000000083a00000, 0x0000000100000000)
  region size 1024K, 5 young (5120K), 5 survivors (5120K)
 Metaspace       used 16503K, committed 16832K, reserved 1114112K
  class space    used 2272K, committed 2432K, reserved 1048576K
}
Event: 5.258 GC heap before
{Heap before GC invocations=3 (full 0):
 garbage-first heap   total 129024K, used 27405K [0x0000000083a00000, 0x0000000100000000)
  region size 1024K, 16 young (16384K), 5 survivors (5120K)
 Metaspace       used 18403K, committed 18688K, reserved 1114112K
  class space    used 2456K, committed 2560K, reserved 1048576K
}
Event: 5.261 GC heap after
{Heap after GC invocations=4 (full 0):
 garbage-first heap   total 129024K, used 17996K [0x0000000083a00000, 0x0000000100000000)
  region size 1024K, 5 young (5120K), 5 survivors (5120K)
 Metaspace       used 18403K, committed 18688K, reserved 1114112K
  class space    used 2456K, committed 2560K, reserved 1048576K
}
Event: 5.609 GC heap before
{Heap before GC invocations=5 (full 0):
 garbage-first heap   total 61440K, used 49740K [0x0000000083a00000, 0x0000000100000000)
  region size 1024K, 36 young (36864K), 5 survivors (5120K)
 Metaspace       used 22230K, committed 22656K, reserved 1114112K
  class space    used 2954K, committed 3136K, reserved 1048576K
}
Event: 5.613 GC heap after
{Heap after GC invocations=6 (full 0):
 garbage-first heap   total 61440K, used 21081K [0x0000000083a00000, 0x0000000100000000)
  region size 1024K, 4 young (4096K), 4 survivors (4096K)
 Metaspace       used 22230K, committed 22656K, reserved 1114112K
  class space    used 2954K, committed 3136K, reserved 1048576K
}
Event: 5.967 GC heap before
{Heap before GC invocations=6 (full 0):
 garbage-first heap   total 61440K, used 46681K [0x0000000083a00000, 0x0000000100000000)
  region size 1024K, 29 young (29696K), 4 survivors (4096K)
 Metaspace       used 23668K, committed 24064K, reserved 1114112K
  class space    used 3177K, committed 3328K, reserved 1048576K
}
Event: 5.971 GC heap after
{Heap after GC invocations=7 (full 0):
 garbage-first heap   total 61440K, used 23242K [0x0000000083a00000, 0x0000000100000000)
  region size 1024K, 3 young (3072K), 3 survivors (3072K)
 Metaspace       used 23668K, committed 24064K, reserved 1114112K
  class space    used 3177K, committed 3328K, reserved 1048576K
}
Event: 6.337 GC heap before
{Heap before GC invocations=7 (full 0):
 garbage-first heap   total 61440K, used 46794K [0x0000000083a00000, 0x0000000100000000)
  region size 1024K, 27 young (27648K), 3 survivors (3072K)
 Metaspace       used 26666K, committed 27072K, reserved 1114112K
  class space    used 3578K, committed 3776K, reserved 1048576K
}
Event: 6.340 GC heap after
{Heap after GC invocations=8 (full 0):
 garbage-first heap   total 61440K, used 25184K [0x0000000083a00000, 0x0000000100000000)
  region size 1024K, 2 young (2048K), 2 survivors (2048K)
 Metaspace       used 26666K, committed 27072K, reserved 1114112K
  class space    used 3578K, committed 3776K, reserved 1048576K
}
Event: 6.703 GC heap before
{Heap before GC invocations=8 (full 0):
 garbage-first heap   total 61440K, used 50784K [0x0000000083a00000, 0x0000000100000000)
  region size 1024K, 27 young (27648K), 2 survivors (2048K)
 Metaspace       used 28873K, committed 29312K, reserved 1114112K
  class space    used 3900K, committed 4096K, reserved 1048576K
}
Event: 6.705 GC heap after
{Heap after GC invocations=9 (full 0):
 garbage-first heap   total 61440K, used 26781K [0x0000000083a00000, 0x0000000100000000)
  region size 1024K, 4 young (4096K), 4 survivors (4096K)
 Metaspace       used 28873K, committed 29312K, reserved 1114112K
  class space    used 3900K, committed 4096K, reserved 1048576K
}
Event: 6.989 GC heap before
{Heap before GC invocations=9 (full 0):
 garbage-first heap   total 61440K, used 40093K [0x0000000083a00000, 0x0000000100000000)
  region size 1024K, 18 young (18432K), 4 survivors (4096K)
 Metaspace       used 30677K, committed 31168K, reserved 1114112K
  class space    used 4200K, committed 4416K, reserved 1048576K
}
Event: 6.991 GC heap after
{Heap after GC invocations=10 (full 0):
 garbage-first heap   total 61440K, used 28190K [0x0000000083a00000, 0x0000000100000000)
  region size 1024K, 4 young (4096K), 4 survivors (4096K)
 Metaspace       used 30677K, committed 31168K, reserved 1114112K
  class space    used 4200K, committed 4416K, reserved 1048576K
}
Event: 7.440 GC heap before
{Heap before GC invocations=11 (full 0):
 garbage-first heap   total 61440K, used 50718K [0x0000000083a00000, 0x0000000100000000)
  region size 1024K, 27 young (27648K), 4 survivors (4096K)
 Metaspace       used 34057K, committed 34624K, reserved 1114112K
  class space    used 4624K, committed 4864K, reserved 1048576K
}
Event: 7.443 GC heap after
{Heap after GC invocations=12 (full 0):
 garbage-first heap   total 61440K, used 30594K [0x0000000083a00000, 0x0000000100000000)
  region size 1024K, 4 young (4096K), 4 survivors (4096K)
 Metaspace       used 34057K, committed 34624K, reserved 1114112K
  class space    used 4624K, committed 4864K, reserved 1048576K
}
Event: 7.546 GC heap before
{Heap before GC invocations=12 (full 0):
 garbage-first heap   total 61440K, used 57218K [0x0000000083a00000, 0x0000000100000000)
  region size 1024K, 26 young (26624K), 4 survivors (4096K)
 Metaspace       used 34057K, committed 34624K, reserved 1114112K
  class space    used 4624K, committed 4864K, reserved 1048576K
}

